This is TeX, Version 3.14159 (Web2C 7.4.5) (format=latex 2003.11.25)  19 DEC 2004 22:56
**design.tex
(./design.tex
LaTeX2e <2001/06/01>
Babel <v3.7h> and hyphenation patterns for american, french, german, ngerman, n
ohyphenation, loaded.
(/usr/share/texmf/tex/latex/base/article.cls
Document Class: article 2001/04/21 v1.4e Standard LaTeX document class
(/usr/share/texmf/tex/latex/base/size12.clo
File: size12.clo 2001/04/21 v1.4e Standard LaTeX file (size option)
)
\c@part=\count79
\c@section=\count80
\c@subsection=\count81
\c@subsubsection=\count82
\c@paragraph=\count83
\c@subparagraph=\count84
\c@figure=\count85
\c@table=\count86
\abovecaptionskip=\skip41
\belowcaptionskip=\skip42
\bibindent=\dimen102
) (./design.aux)
\openout1 = `design.aux'.

LaTeX Font Info:    Checking defaults for OML/cmm/m/it on input line 33.
LaTeX Font Info:    ... okay on input line 33.
LaTeX Font Info:    Checking defaults for T1/cmr/m/n on input line 33.
LaTeX Font Info:    ... okay on input line 33.
LaTeX Font Info:    Checking defaults for OT1/cmr/m/n on input line 33.
LaTeX Font Info:    ... okay on input line 33.
LaTeX Font Info:    Checking defaults for OMS/cmsy/m/n on input line 33.
LaTeX Font Info:    ... okay on input line 33.
LaTeX Font Info:    Checking defaults for OMX/cmex/m/n on input line 33.
LaTeX Font Info:    ... okay on input line 33.
LaTeX Font Info:    Checking defaults for U/cmr/m/n on input line 33.
LaTeX Font Info:    ... okay on input line 33.
LaTeX Font Info:    External font `cmex10' loaded for size
(Font)              <14.4> on input line 34.
LaTeX Font Info:    External font `cmex10' loaded for size
(Font)              <7> on input line 34.
 [1

] (./design.toc
LaTeX Font Info:    External font `cmex10' loaded for size
(Font)              <12> on input line 2.
LaTeX Font Info:    External font `cmex10' loaded for size
(Font)              <8> on input line 2.
LaTeX Font Info:    External font `cmex10' loaded for size
(Font)              <6> on input line 2.
)
\tf@toc=\write3
\openout3 = `design.toc'.

[2]
Underfull \hbox (badness 10000) in paragraph at lines 46--109

 []


Underfull \hbox (badness 10000) in paragraph at lines 46--109

 []


Underfull \hbox (badness 10000) in paragraph at lines 46--109

 []


Underfull \hbox (badness 10000) in paragraph at lines 46--109

 []


Underfull \hbox (badness 10000) in paragraph at lines 46--109

 []


Underfull \hbox (badness 10000) in paragraph at lines 46--109

 []


Underfull \hbox (badness 10000) in paragraph at lines 46--109

 []

[3]
LaTeX Font Info:    Try loading font information for OMS+cmr on input line 113.

 (/usr/share/texmf/tex/latex/base/omscmr.fd
File: omscmr.fd 1999/05/25 v2.5h Standard LaTeX font definitions
)
LaTeX Font Info:    Font shape `OMS/cmr/m/n' in size <12> not available
(Font)              Font shape `OMS/cmsy/m/n' tried instead on input line 113.
 [4]
Underfull \hbox (badness 10000) in paragraph at lines 161--180

 []


Underfull \hbox (badness 10000) in paragraph at lines 161--180

 []

[5]
Underfull \hbox (badness 10000) in paragraph at lines 200--215

 []


Underfull \hbox (badness 10000) in paragraph at lines 218--235

 []

[6] [7]
Underfull \hbox (badness 10000) in paragraph at lines 267--283

 []


Underfull \hbox (badness 10000) in paragraph at lines 285--309

 []

[8]
Overfull \hbox (5.15863pt too wide) in paragraph at lines 331--337
\OT1/cmtt/m/n/12 InsecureChannel\OT1/cmr/m/n/12 , the \OT1/cmtt/m/n/12 Group \O
T1/cmr/m/n/12 class ini-tial-izes the \OT1/cmtt/m/n/12 SecureChannel\OT1/cmr/m/
n/12 . The \OT1/cmtt/m/n/12 SecureChannel
 []

[9] [10] (./design.aux) ) 
Here is how much of TeX's memory you used:
 280 strings out of 95847
 3196 string characters out of 1195947
 49494 words of memory out of 1000001
 3278 multiletter control sequences out of 10000+50000
 9802 words of font info for 35 fonts, out of 500000 for 1000
 14 hyphenation exceptions out of 1000
 22i,7n,19p,155b,258s stack positions out of 1500i,500n,5000p,200000b,5000s

Output written on design.dvi (10 pages, 22932 bytes).
